<?xml version="1.0" encoding="UTF-8"?>
<!-- Generated by org.testng.reporters.JUnitReportReporter -->
<testsuite hostname="DESKTOP-SS48RE5" failures="0" tests="1" name="TestNGLogic.LinkeDin" time="31.610" errors="0" timestamp="2023-09-27T09:29:29 CDT" skipped="0">
  <testcase classname="TestNGLogic.LinkeDin" name="search" time="31.610"/>
  <system-out/>
</testsuite> <!-- TestNGLogic.LinkeDin -->
