<?xml version="1.0" encoding="UTF-8"?>
<!-- Generated by org.testng.reporters.JUnitReportReporter -->
<testsuite hostname="DESKTOP-SS48RE5" failures="0" tests="2" name="Java_Programs.ReverseString" time="0.022" errors="0" timestamp="2023-09-25T19:42:13 CDT" skipped="0">
  <testcase classname="Java_Programs.ReverseString" name="reverseBuffer" time="0.013"/>
  <system-out/>
  <testcase classname="Java_Programs.ReverseString" name="reverseBuilder" time="0.009"/>
  <system-out/>
</testsuite> <!-- Java_Programs.ReverseString -->
