<?xml version="1.0" encoding="UTF-8"?>
<!-- Generated by org.testng.reporters.JUnitReportReporter -->
<testsuite hostname="DESKTOP-SS48RE5" failures="0" tests="1" name="TestNGLogic.LoginPageTest" time="19.054" errors="0" timestamp="2023-09-27T21:15:59 CDT" skipped="0">
  <testcase classname="TestNGLogic.LoginPageTest" name="loginPageTitleTest" time="19.054"/>
  <system-out/>
</testsuite> <!-- TestNGLogic.LoginPageTest -->
