<?xml version="1.0" encoding="UTF-8"?>
<!-- Generated by org.testng.reporters.JUnitReportReporter -->
<testsuite hostname="DESKTOP-SS48RE5" failures="0" tests="2" name="TestNGLogic.OrderAnnotations" time="0.024" errors="0" timestamp="2023-09-26T10:09:16 CDT" skipped="0">
  <testcase classname="TestNGLogic.OrderAnnotations" name="newTestMethod" time="0.011"/>
  <system-out/>
  <testcase classname="TestNGLogic.OrderAnnotations" name="testMethod" time="0.013"/>
  <system-out/>
</testsuite> <!-- TestNGLogic.OrderAnnotations -->
