<?xml version="1.0" encoding="UTF-8"?>
<!-- Generated by org.testng.reporters.JUnitReportReporter -->
<testsuite hostname="DESKTOP-SS48RE5" failures="0" tests="2" name="TestNGLogic.OrderAnnotations" time="0.018" errors="0" timestamp="2023-09-26T10:20:07 CDT" skipped="0">
  <testcase classname="TestNGLogic.OrderAnnotations" name="newTestMethod" time="0.003"/>
  <testcase classname="TestNGLogic.OrderAnnotations" name="testMethod" time="0.015"/>
</testsuite> <!-- TestNGLogic.OrderAnnotations -->
